\BOOKMARK [1][-]{section*.2}{Introducci\363n}{}% 1
\BOOKMARK [1][-]{section*.3}{1. Comparaci\363n entre m\351todos de medici\363n de puentes}{}% 2
\BOOKMARK [2][-]{section*.4}{Consideraciones generales}{section*.3}% 3
\BOOKMARK [2][-]{section*.5}{Osciloscopio}{section*.3}% 4
\BOOKMARK [2][-]{section*.6}{Mult\355metro de precisi\363n}{section*.3}% 5
\BOOKMARK [2][-]{section*.7}{Amplificador de instrumentaci\363n}{section*.3}% 6
\BOOKMARK [1][-]{section*.8}{2. Puente de Wien - Medici\363n de frecuencias}{}% 7
\BOOKMARK [2][-]{section*.9}{Diseno y elecci\363n de componentes}{section*.8}% 8
\BOOKMARK [3][-]{section*.10}{Sensibilidades}{section*.9}% 9
\BOOKMARK [2][-]{section*.11}{Mediciones}{section*.8}% 10
\BOOKMARK [2][-]{section*.12}{Conclusiones}{section*.8}% 11
\BOOKMARK [1][-]{section*.13}{3. Puente de medici\363n de capacitores}{}% 12
\BOOKMARK [2][-]{section*.14}{An\341lisis te\363rico}{section*.13}% 13
\BOOKMARK [3][-]{section*.15}{Condiciones de dise\361o}{section*.14}% 14
\BOOKMARK [3][-]{section*.16}{Ecuaciones del puente}{section*.14}% 15
\BOOKMARK [3][-]{section*.17}{Sensibilidades del puente}{section*.14}% 16
\BOOKMARK [3][-]{section*.20}{Dimensionamiento del puente}{section*.14}% 17
\BOOKMARK [2][-]{section*.21}{Resultados}{section*.13}% 18
\BOOKMARK [3][-]{section*.22}{Componentes patr\363n}{section*.21}% 19
\BOOKMARK [3][-]{section*.23}{Mediciones del puente}{section*.21}% 20
\BOOKMARK [3][-]{section*.24}{Mediciones del analizador de impedancias}{section*.21}% 21
\BOOKMARK [2][-]{section*.25}{Manual de usuario}{section*.13}% 22
\BOOKMARK [2][-]{section*.26}{Precisi\363n del puente}{section*.13}% 23
\BOOKMARK [2][-]{section*.27}{Conclusi\363n}{section*.13}% 24
