This is pdfTeX, Version 3.14159265-2.6-1.40.20 (TeX Live 2019) (preloaded format=pdflatex 2019.8.25)  20 NOV 2019 02:48
entering extended mode
 restricted \write18 enabled.
 %&-line parsing enabled.
**informe.tex
(./informe.tex
LaTeX2e <2018-12-01>
(./preamble.tex (/usr/local/texlive/2019/texmf-dist/tex/latex/base/article.cls
Document Class: article 2018/09/03 v1.4i Standard LaTeX document class
(/usr/local/texlive/2019/texmf-dist/tex/latex/base/size10.clo
File: size10.clo 2018/09/03 v1.4i Standard LaTeX file (size option)
)
\c@part=\count80
\c@section=\count81
\c@subsection=\count82
\c@subsubsection=\count83
\c@paragraph=\count84
\c@subparagraph=\count85
\c@figure=\count86
\c@table=\count87
\abovecaptionskip=\skip41
\belowcaptionskip=\skip42
\bibindent=\dimen102
)
(/usr/local/texlive/2019/texmf-dist/tex/latex/base/inputenc.sty
Package: inputenc 2018/08/11 v1.3c Input encoding file
\inpenc@prehook=\toks14
\inpenc@posthook=\toks15
)
(/usr/local/texlive/2019/texmf-dist/tex/generic/babel/babel.sty
Package: babel 2019/05/04 3.31 The Babel package

(/usr/local/texlive/2019/texmf-dist/tex/generic/babel/switch.def
File: switch.def 2019/05/04 3.31 Babel switching mechanism
)
(/usr/local/texlive/2019/texmf-dist/tex/generic/babel-spanish/spanish.ldf
Language: spanish.ldf 2016/03/03 v5.0p Spanish support from the babel system

(/usr/local/texlive/2019/texmf-dist/tex/generic/babel/babel.def
File: babel.def 2019/05/04 3.31 Babel common definitions
\babel@savecnt=\count88
\U@D=\dimen103

(/usr/local/texlive/2019/texmf-dist/tex/generic/babel/txtbabel.def)
\bbl@dirlevel=\count89
)
\es@quottoks=\toks16
\es@quotdepth=\count90
Package babel Info: Making " an active character on input line 561.
Package babel Info: Making . an active character on input line 662.
Package babel Info: Making < an active character on input line 707.
Package babel Info: Making > an active character on input line 707.
))
(/usr/local/texlive/2019/texmf-dist/tex/latex/float/float.sty
Package: float 2001/11/08 v1.3d Float enhancements (AL)
\c@float@type=\count91
\float@exts=\toks17
\float@box=\box27
\@float@everytoks=\toks18
\@floatcapt=\box28
)
(/usr/local/texlive/2019/texmf-dist/tex/latex/graphics/graphicx.sty
Package: graphicx 2017/06/01 v1.1a Enhanced LaTeX Graphics (DPC,SPQR)

(/usr/local/texlive/2019/texmf-dist/tex/latex/graphics/keyval.sty
Package: keyval 2014/10/28 v1.15 key=value parser (DPC)
\KV@toks@=\toks19
)
(/usr/local/texlive/2019/texmf-dist/tex/latex/graphics/graphics.sty
Package: graphics 2017/06/25 v1.2c Standard LaTeX Graphics (DPC,SPQR)

(/usr/local/texlive/2019/texmf-dist/tex/latex/graphics/trig.sty
Package: trig 2016/01/03 v1.10 sin cos tan (DPC)
)
(/usr/local/texlive/2019/texmf-dist/tex/latex/graphics-cfg/graphics.cfg
File: graphics.cfg 2016/06/04 v1.11 sample graphics configuration
)
Package graphics Info: Driver file: pdftex.def on input line 99.

(/usr/local/texlive/2019/texmf-dist/tex/latex/graphics-def/pdftex.def
File: pdftex.def 2018/01/08 v1.0l Graphics/color driver for pdftex
))
\Gin@req@height=\dimen104
\Gin@req@width=\dimen105
)
(/usr/local/texlive/2019/texmf-dist/tex/latex/multirow/multirow.sty
Package: multirow 2019/01/01 v2.4 Span multiple rows of a table
\multirow@colwidth=\skip43
\multirow@cntb=\count92
\multirow@dima=\skip44
\bigstrutjot=\dimen106
)
(/usr/local/texlive/2019/texmf-dist/tex/latex/circuitikz/circuitikz.sty
Package: circuitikz 2017/05/28{} The CircuiTikz circuit drawing package version
 0.8.3

(/usr/local/texlive/2019/texmf-dist/tex/latex/pgf/frontendlayer/tikz.sty
(/usr/local/texlive/2019/texmf-dist/tex/latex/pgf/basiclayer/pgf.sty
(/usr/local/texlive/2019/texmf-dist/tex/latex/pgf/utilities/pgfrcs.sty
(/usr/local/texlive/2019/texmf-dist/tex/generic/pgf/utilities/pgfutil-common.te
x
\pgfutil@everybye=\toks20
\pgfutil@tempdima=\dimen107
\pgfutil@tempdimb=\dimen108

(/usr/local/texlive/2019/texmf-dist/tex/generic/pgf/utilities/pgfutil-common-li
sts.tex))
(/usr/local/texlive/2019/texmf-dist/tex/generic/pgf/utilities/pgfutil-latex.def
\pgfutil@abb=\box29
(/usr/local/texlive/2019/texmf-dist/tex/latex/ms/everyshi.sty
Package: everyshi 2001/05/15 v3.00 EveryShipout Package (MS)
))
(/usr/local/texlive/2019/texmf-dist/tex/generic/pgf/utilities/pgfrcs.code.tex
(/usr/local/texlive/2019/texmf-dist/tex/generic/pgf/pgf.revision.tex)
Package: pgfrcs 2019/04/04 v3.1.2 (3.1.2)
))
Package: pgf 2019/04/04 v3.1.2 (3.1.2)

(/usr/local/texlive/2019/texmf-dist/tex/latex/pgf/basiclayer/pgfcore.sty
(/usr/local/texlive/2019/texmf-dist/tex/latex/pgf/systemlayer/pgfsys.sty
(/usr/local/texlive/2019/texmf-dist/tex/generic/pgf/systemlayer/pgfsys.code.tex
Package: pgfsys 2019/04/04 v3.1.2 (3.1.2)
(/usr/local/texlive/2019/texmf-dist/tex/generic/pgf/utilities/pgfkeys.code.tex
\pgfkeys@pathtoks=\toks21
\pgfkeys@temptoks=\toks22

(/usr/local/texlive/2019/texmf-dist/tex/generic/pgf/utilities/pgfkeysfiltered.c
ode.tex
\pgfkeys@tmptoks=\toks23
))
\pgf@x=\dimen109
\pgf@y=\dimen110
\pgf@xa=\dimen111
\pgf@ya=\dimen112
\pgf@xb=\dimen113
\pgf@yb=\dimen114
\pgf@xc=\dimen115
\pgf@yc=\dimen116
\w@pgf@writea=\write3
\r@pgf@reada=\read1
\c@pgf@counta=\count93
\c@pgf@countb=\count94
\c@pgf@countc=\count95
\c@pgf@countd=\count96
\t@pgf@toka=\toks24
\t@pgf@tokb=\toks25
\t@pgf@tokc=\toks26
\pgf@sys@id@count=\count97

(/usr/local/texlive/2019/texmf-dist/tex/generic/pgf/systemlayer/pgf.cfg
File: pgf.cfg 2019/04/04 v3.1.2 (3.1.2)
)
Driver file for pgf: pgfsys-pdftex.def

(/usr/local/texlive/2019/texmf-dist/tex/generic/pgf/systemlayer/pgfsys-pdftex.d
ef
File: pgfsys-pdftex.def 2019/04/04 v3.1.2 (3.1.2)

(/usr/local/texlive/2019/texmf-dist/tex/generic/pgf/systemlayer/pgfsys-common-p
df.def
File: pgfsys-common-pdf.def 2019/04/04 v3.1.2 (3.1.2)
)))
(/usr/local/texlive/2019/texmf-dist/tex/generic/pgf/systemlayer/pgfsyssoftpath.
code.tex
File: pgfsyssoftpath.code.tex 2019/04/04 v3.1.2 (3.1.2)
\pgfsyssoftpath@smallbuffer@items=\count98
\pgfsyssoftpath@bigbuffer@items=\count99
)
(/usr/local/texlive/2019/texmf-dist/tex/generic/pgf/systemlayer/pgfsysprotocol.
code.tex
File: pgfsysprotocol.code.tex 2019/04/04 v3.1.2 (3.1.2)
)) (/usr/local/texlive/2019/texmf-dist/tex/latex/xcolor/xcolor.sty
Package: xcolor 2016/05/11 v2.12 LaTeX color extensions (UK)

(/usr/local/texlive/2019/texmf-dist/tex/latex/graphics-cfg/color.cfg
File: color.cfg 2016/01/02 v1.6 sample color configuration
)
Package xcolor Info: Driver file: pdftex.def on input line 225.
Package xcolor Info: Model `cmy' substituted by `cmy0' on input line 1348.
Package xcolor Info: Model `hsb' substituted by `rgb' on input line 1352.
Package xcolor Info: Model `RGB' extended on input line 1364.
Package xcolor Info: Model `HTML' substituted by `rgb' on input line 1366.
Package xcolor Info: Model `Hsb' substituted by `hsb' on input line 1367.
Package xcolor Info: Model `tHsb' substituted by `hsb' on input line 1368.
Package xcolor Info: Model `HSB' substituted by `hsb' on input line 1369.
Package xcolor Info: Model `Gray' substituted by `gray' on input line 1370.
Package xcolor Info: Model `wave' substituted by `hsb' on input line 1371.
)
(/usr/local/texlive/2019/texmf-dist/tex/generic/pgf/basiclayer/pgfcore.code.tex
Package: pgfcore 2019/04/04 v3.1.2 (3.1.2)
(/usr/local/texlive/2019/texmf-dist/tex/generic/pgf/math/pgfmath.code.tex
(/usr/local/texlive/2019/texmf-dist/tex/generic/pgf/math/pgfmathcalc.code.tex
(/usr/local/texlive/2019/texmf-dist/tex/generic/pgf/math/pgfmathutil.code.tex)
(/usr/local/texlive/2019/texmf-dist/tex/generic/pgf/math/pgfmathparser.code.tex
\pgfmath@dimen=\dimen117
\pgfmath@count=\count100
\pgfmath@box=\box30
\pgfmath@toks=\toks27
\pgfmath@stack@operand=\toks28
\pgfmath@stack@operation=\toks29
)
(/usr/local/texlive/2019/texmf-dist/tex/generic/pgf/math/pgfmathfunctions.code.
tex
(/usr/local/texlive/2019/texmf-dist/tex/generic/pgf/math/pgfmathfunctions.basic
.code.tex)
(/usr/local/texlive/2019/texmf-dist/tex/generic/pgf/math/pgfmathfunctions.trigo
nometric.code.tex)
(/usr/local/texlive/2019/texmf-dist/tex/generic/pgf/math/pgfmathfunctions.rando
m.code.tex)
(/usr/local/texlive/2019/texmf-dist/tex/generic/pgf/math/pgfmathfunctions.compa
rison.code.tex)
(/usr/local/texlive/2019/texmf-dist/tex/generic/pgf/math/pgfmathfunctions.base.
code.tex)
(/usr/local/texlive/2019/texmf-dist/tex/generic/pgf/math/pgfmathfunctions.round
.code.tex)
(/usr/local/texlive/2019/texmf-dist/tex/generic/pgf/math/pgfmathfunctions.misc.
code.tex)
(/usr/local/texlive/2019/texmf-dist/tex/generic/pgf/math/pgfmathfunctions.integ
erarithmetics.code.tex)))
(/usr/local/texlive/2019/texmf-dist/tex/generic/pgf/math/pgfmathfloat.code.tex
\c@pgfmathroundto@lastzeros=\count101
))
(/usr/local/texlive/2019/texmf-dist/tex/generic/pgf/basiclayer/pgfcorepoints.co
de.tex
File: pgfcorepoints.code.tex 2019/04/04 v3.1.2 (3.1.2)
\pgf@picminx=\dimen118
\pgf@picmaxx=\dimen119
\pgf@picminy=\dimen120
\pgf@picmaxy=\dimen121
\pgf@pathminx=\dimen122
\pgf@pathmaxx=\dimen123
\pgf@pathminy=\dimen124
\pgf@pathmaxy=\dimen125
\pgf@xx=\dimen126
\pgf@xy=\dimen127
\pgf@yx=\dimen128
\pgf@yy=\dimen129
\pgf@zx=\dimen130
\pgf@zy=\dimen131
)
(/usr/local/texlive/2019/texmf-dist/tex/generic/pgf/basiclayer/pgfcorepathconst
ruct.code.tex
File: pgfcorepathconstruct.code.tex 2019/04/04 v3.1.2 (3.1.2)
\pgf@path@lastx=\dimen132
\pgf@path@lasty=\dimen133
)
(/usr/local/texlive/2019/texmf-dist/tex/generic/pgf/basiclayer/pgfcorepathusage
.code.tex
File: pgfcorepathusage.code.tex 2019/04/04 v3.1.2 (3.1.2)
\pgf@shorten@end@additional=\dimen134
\pgf@shorten@start@additional=\dimen135
)
(/usr/local/texlive/2019/texmf-dist/tex/generic/pgf/basiclayer/pgfcorescopes.co
de.tex
File: pgfcorescopes.code.tex 2019/04/04 v3.1.2 (3.1.2)
\pgfpic=\box31
\pgf@hbox=\box32
\pgf@layerbox@main=\box33
\pgf@picture@serial@count=\count102
)
(/usr/local/texlive/2019/texmf-dist/tex/generic/pgf/basiclayer/pgfcoregraphicst
ate.code.tex
File: pgfcoregraphicstate.code.tex 2019/04/04 v3.1.2 (3.1.2)
\pgflinewidth=\dimen136
)
(/usr/local/texlive/2019/texmf-dist/tex/generic/pgf/basiclayer/pgfcoretransform
ations.code.tex
File: pgfcoretransformations.code.tex 2019/04/04 v3.1.2 (3.1.2)
\pgf@pt@x=\dimen137
\pgf@pt@y=\dimen138
\pgf@pt@temp=\dimen139
)
(/usr/local/texlive/2019/texmf-dist/tex/generic/pgf/basiclayer/pgfcorequick.cod
e.tex
File: pgfcorequick.code.tex 2019/04/04 v3.1.2 (3.1.2)
)
(/usr/local/texlive/2019/texmf-dist/tex/generic/pgf/basiclayer/pgfcoreobjects.c
ode.tex
File: pgfcoreobjects.code.tex 2019/04/04 v3.1.2 (3.1.2)
)
(/usr/local/texlive/2019/texmf-dist/tex/generic/pgf/basiclayer/pgfcorepathproce
ssing.code.tex
File: pgfcorepathprocessing.code.tex 2019/04/04 v3.1.2 (3.1.2)
)
(/usr/local/texlive/2019/texmf-dist/tex/generic/pgf/basiclayer/pgfcorearrows.co
de.tex
File: pgfcorearrows.code.tex 2019/04/04 v3.1.2 (3.1.2)
\pgfarrowsep=\dimen140
)
(/usr/local/texlive/2019/texmf-dist/tex/generic/pgf/basiclayer/pgfcoreshade.cod
e.tex
File: pgfcoreshade.code.tex 2019/04/04 v3.1.2 (3.1.2)
\pgf@max=\dimen141
\pgf@sys@shading@range@num=\count103
\pgf@shadingcount=\count104
)
(/usr/local/texlive/2019/texmf-dist/tex/generic/pgf/basiclayer/pgfcoreimage.cod
e.tex
File: pgfcoreimage.code.tex 2019/04/04 v3.1.2 (3.1.2)

(/usr/local/texlive/2019/texmf-dist/tex/generic/pgf/basiclayer/pgfcoreexternal.
code.tex
File: pgfcoreexternal.code.tex 2019/04/04 v3.1.2 (3.1.2)
\pgfexternal@startupbox=\box34
))
(/usr/local/texlive/2019/texmf-dist/tex/generic/pgf/basiclayer/pgfcorelayers.co
de.tex
File: pgfcorelayers.code.tex 2019/04/04 v3.1.2 (3.1.2)
)
(/usr/local/texlive/2019/texmf-dist/tex/generic/pgf/basiclayer/pgfcoretranspare
ncy.code.tex
File: pgfcoretransparency.code.tex 2019/04/04 v3.1.2 (3.1.2)
)
(/usr/local/texlive/2019/texmf-dist/tex/generic/pgf/basiclayer/pgfcorepatterns.
code.tex
File: pgfcorepatterns.code.tex 2019/04/04 v3.1.2 (3.1.2)
)
(/usr/local/texlive/2019/texmf-dist/tex/generic/pgf/basiclayer/pgfcorerdf.code.
tex
File: pgfcorerdf.code.tex 2019/04/04 v3.1.2 (3.1.2)
)))
(/usr/local/texlive/2019/texmf-dist/tex/generic/pgf/modules/pgfmoduleshapes.cod
e.tex
File: pgfmoduleshapes.code.tex 2019/04/04 v3.1.2 (3.1.2)
\pgfnodeparttextbox=\box35
)
(/usr/local/texlive/2019/texmf-dist/tex/generic/pgf/modules/pgfmoduleplot.code.
tex
File: pgfmoduleplot.code.tex 2019/04/04 v3.1.2 (3.1.2)
)
(/usr/local/texlive/2019/texmf-dist/tex/latex/pgf/compatibility/pgfcomp-version
-0-65.sty
Package: pgfcomp-version-0-65 2019/04/04 v3.1.2 (3.1.2)
\pgf@nodesepstart=\dimen142
\pgf@nodesepend=\dimen143
)
(/usr/local/texlive/2019/texmf-dist/tex/latex/pgf/compatibility/pgfcomp-version
-1-18.sty
Package: pgfcomp-version-1-18 2019/04/04 v3.1.2 (3.1.2)
))
(/usr/local/texlive/2019/texmf-dist/tex/latex/pgf/utilities/pgffor.sty
(/usr/local/texlive/2019/texmf-dist/tex/latex/pgf/utilities/pgfkeys.sty
(/usr/local/texlive/2019/texmf-dist/tex/generic/pgf/utilities/pgfkeys.code.tex)
) (/usr/local/texlive/2019/texmf-dist/tex/latex/pgf/math/pgfmath.sty
(/usr/local/texlive/2019/texmf-dist/tex/generic/pgf/math/pgfmath.code.tex))
(/usr/local/texlive/2019/texmf-dist/tex/generic/pgf/utilities/pgffor.code.tex
Package: pgffor 2019/04/04 v3.1.2 (3.1.2)

(/usr/local/texlive/2019/texmf-dist/tex/generic/pgf/math/pgfmath.code.tex)
\pgffor@iter=\dimen144
\pgffor@skip=\dimen145
\pgffor@stack=\toks30
\pgffor@toks=\toks31
))
(/usr/local/texlive/2019/texmf-dist/tex/generic/pgf/frontendlayer/tikz/tikz.cod
e.tex
Package: tikz 2019/04/04 v3.1.2 (3.1.2)

(/usr/local/texlive/2019/texmf-dist/tex/generic/pgf/libraries/pgflibraryplothan
dlers.code.tex
File: pgflibraryplothandlers.code.tex 2019/04/04 v3.1.2 (3.1.2)
\pgf@plot@mark@count=\count105
\pgfplotmarksize=\dimen146
)
\tikz@lastx=\dimen147
\tikz@lasty=\dimen148
\tikz@lastxsaved=\dimen149
\tikz@lastysaved=\dimen150
\tikzleveldistance=\dimen151
\tikzsiblingdistance=\dimen152
\tikz@figbox=\box36
\tikz@figbox@bg=\box37
\tikz@tempbox=\box38
\tikz@tempbox@bg=\box39
\tikztreelevel=\count106
\tikznumberofchildren=\count107
\tikznumberofcurrentchild=\count108
\tikz@fig@count=\count109

(/usr/local/texlive/2019/texmf-dist/tex/generic/pgf/modules/pgfmodulematrix.cod
e.tex
File: pgfmodulematrix.code.tex 2019/04/04 v3.1.2 (3.1.2)
\pgfmatrixcurrentrow=\count110
\pgfmatrixcurrentcolumn=\count111
\pgf@matrix@numberofcolumns=\count112
)
\tikz@expandcount=\count113

(/usr/local/texlive/2019/texmf-dist/tex/generic/pgf/frontendlayer/tikz/librarie
s/tikzlibrarytopaths.code.tex
File: tikzlibrarytopaths.code.tex 2019/04/04 v3.1.2 (3.1.2)
)))
(/usr/local/texlive/2019/texmf-dist/tex/generic/pgf/frontendlayer/tikz/librarie
s/tikzlibrarycalc.code.tex
File: tikzlibrarycalc.code.tex 2019/04/04 v3.1.2 (3.1.2)
)
(/usr/local/texlive/2019/texmf-dist/tex/generic/pgf/libraries/pgflibraryarrows.
code.tex
File: pgflibraryarrows.code.tex 2019/04/04 v3.1.2 (3.1.2)
\arrowsize=\dimen153
)
(/usr/local/texlive/2019/texmf-dist/tex/generic/circuitikz/pgfcirc.defines.tex
\pgf@circ@res@up=\dimen154
\pgf@circ@res@down=\dimen155
\pgf@circ@res@zero=\dimen156
\pgf@circ@res@left=\dimen157
\pgf@circ@res@right=\dimen158
\pgf@circ@res@other=\dimen159
\pgf@circ@res@step=\dimen160
\pgf@circ@res@temp=\dimen161
\pgfstartlinewidth=\dimen162
\pgf@circ@Rlen=\dimen163
) (/usr/local/texlive/2019/texmf-dist/tex/generic/circuitikz/pgfcircutils.tex)
(/usr/local/texlive/2019/texmf-dist/tex/generic/circuitikz/pgfcircshapes.tex)
(/usr/local/texlive/2019/texmf-dist/tex/generic/circuitikz/pgfcircmonopoles.tex
) (/usr/local/texlive/2019/texmf-dist/tex/generic/circuitikz/pgfcircbipoles.tex
)
(/usr/local/texlive/2019/texmf-dist/tex/generic/circuitikz/pgfcirctripoles.tex)

(/usr/local/texlive/2019/texmf-dist/tex/generic/circuitikz/pgfcircquadpoles.tex
) (/usr/local/texlive/2019/texmf-dist/tex/generic/circuitikz/pgfcirclabel.tex)
(/usr/local/texlive/2019/texmf-dist/tex/generic/circuitikz/pgfcircvoltage.tex)
(/usr/local/texlive/2019/texmf-dist/tex/generic/circuitikz/pgfcirccurrent.tex)
(/usr/local/texlive/2019/texmf-dist/tex/generic/circuitikz/pgfcircflow.tex)
(/usr/local/texlive/2019/texmf-dist/tex/generic/circuitikz/pgfcircpath.tex))
(/usr/local/texlive/2019/texmf-dist/tex/latex/amsmath/amsmath.sty
Package: amsmath 2018/12/01 v2.17b AMS math features
\@mathmargin=\skip45

For additional information on amsmath, use the `?' option.
(/usr/local/texlive/2019/texmf-dist/tex/latex/amsmath/amstext.sty
Package: amstext 2000/06/29 v2.01 AMS text

(/usr/local/texlive/2019/texmf-dist/tex/latex/amsmath/amsgen.sty
File: amsgen.sty 1999/11/30 v2.0 generic functions
\@emptytoks=\toks32
\ex@=\dimen164
))
(/usr/local/texlive/2019/texmf-dist/tex/latex/amsmath/amsbsy.sty
Package: amsbsy 1999/11/29 v1.2d Bold Symbols
\pmbraise@=\dimen165
)
(/usr/local/texlive/2019/texmf-dist/tex/latex/amsmath/amsopn.sty
Package: amsopn 2016/03/08 v2.02 operator names
)
\inf@bad=\count114
LaTeX Info: Redefining \frac on input line 223.
\uproot@=\count115
\leftroot@=\count116
LaTeX Info: Redefining \overline on input line 385.
\classnum@=\count117
\DOTSCASE@=\count118
LaTeX Info: Redefining \ldots on input line 482.
LaTeX Info: Redefining \dots on input line 485.
LaTeX Info: Redefining \cdots on input line 606.
\Mathstrutbox@=\box40
\strutbox@=\box41
\big@size=\dimen166
LaTeX Font Info:    Redeclaring font encoding OML on input line 729.
LaTeX Font Info:    Redeclaring font encoding OMS on input line 730.
\macc@depth=\count119
\c@MaxMatrixCols=\count120
\dotsspace@=\muskip10
\c@parentequation=\count121
\dspbrk@lvl=\count122
\tag@help=\toks33
\row@=\count123
\column@=\count124
\maxfields@=\count125
\andhelp@=\toks34
\eqnshift@=\dimen167
\alignsep@=\dimen168
\tagshift@=\dimen169
\tagwidth@=\dimen170
\totwidth@=\dimen171
\lineht@=\dimen172
\@envbody=\toks35
\multlinegap=\skip46
\multlinetaggap=\skip47
\mathdisplay@stack=\toks36
LaTeX Info: Redefining \[ on input line 2844.
LaTeX Info: Redefining \] on input line 2845.
)
(/usr/local/texlive/2019/texmf-dist/tex/latex/amsfonts/amssymb.sty
Package: amssymb 2013/01/14 v3.01 AMS font symbols

(/usr/local/texlive/2019/texmf-dist/tex/latex/amsfonts/amsfonts.sty
Package: amsfonts 2013/01/14 v3.01 Basic AMSFonts support
\symAMSa=\mathgroup4
\symAMSb=\mathgroup5
LaTeX Font Info:    Overwriting math alphabet `\mathfrak' in version `bold'
(Font)                  U/euf/m/n --> U/euf/b/n on input line 106.
))
(/usr/local/texlive/2019/texmf-dist/tex/latex/steinmetz/steinmetz.sty
Package: steinmetz 2009/06/14 v1.0 Steinmetz symbol for electrotechnics

(/usr/local/texlive/2019/texmf-dist/tex/latex/pict2e/pict2e.sty
Package: pict2e 2016/02/05 v0.3b Improved picture commands (HjG,RN,JT)

(/usr/local/texlive/2019/texmf-dist/tex/latex/pict2e/pict2e.cfg
File: pict2e.cfg 2016/02/05 v0.1u pict2e configuration for teTeX/TeXLive
)
Package pict2e Info: Driver file: pdftex.def on input line 119.
Package pict2e Info: Driver file for pict2e: p2e-pdftex.def on input line 121.

(/usr/local/texlive/2019/texmf-dist/tex/latex/pict2e/p2e-pdftex.def
File: p2e-pdftex.def 2016/02/05 v0.1u Driver-dependant file (RN,HjG,JT)
)
\pIIe@GRAPH=\toks37
\@arclen=\dimen173
\@arcrad=\dimen174
\@tempdimd=\dimen175
)
\stm@phasebox=\box42
\stm@phasedp=\skip48
\stm@phaseht=\skip49
\stm@phasetot=\skip50
\stm@phasewd=\skip51
)
(/usr/local/texlive/2019/texmf-dist/tex/latex/csvsimple/csvsimple.sty
Package: csvsimple 2019/04/09 version 1.21 LaTeX CSV file processing

(/usr/local/texlive/2019/texmf-dist/tex/latex/base/ifthen.sty
Package: ifthen 2014/09/29 v1.1c Standard LaTeX ifthen package (DPC)
)
(/usr/local/texlive/2019/texmf-dist/tex/latex/etoolbox/etoolbox.sty
Package: etoolbox 2018/08/19 v2.5f e-TeX tools for LaTeX (JAW)
\etb@tempcnta=\count126
)
(/usr/local/texlive/2019/texmf-dist/tex/latex/tools/shellesc.sty
Package: shellesc 2016/06/07 v0.02a unified shell escape interface for LaTeX
Package shellesc Info: Restricted shell escape enabled on input line 69.
)
\csv@file=\read2
\c@csvinputline=\count127
\c@csvrow=\count128
\c@csvcol=\count129
\csv@out=\write4
)
(/usr/local/texlive/2019/texmf-dist/tex/latex/geometry/geometry.sty
Package: geometry 2018/04/16 v5.8 Page Geometry

(/usr/local/texlive/2019/texmf-dist/tex/generic/oberdiek/ifpdf.sty
Package: ifpdf 2018/09/07 v3.3 Provides the ifpdf switch
)
(/usr/local/texlive/2019/texmf-dist/tex/generic/oberdiek/ifvtex.sty
Package: ifvtex 2016/05/16 v1.6 Detect VTeX and its facilities (HO)
Package ifvtex Info: VTeX not detected.
)
(/usr/local/texlive/2019/texmf-dist/tex/generic/ifxetex/ifxetex.sty
Package: ifxetex 2010/09/12 v0.6 Provides ifxetex conditional
)
\Gm@cnth=\count130
\Gm@cntv=\count131
\c@Gm@tempcnt=\count132
\Gm@bindingoffset=\dimen176
\Gm@wd@mp=\dimen177
\Gm@odd@mp=\dimen178
\Gm@even@mp=\dimen179
\Gm@layoutwidth=\dimen180
\Gm@layoutheight=\dimen181
\Gm@layouthoffset=\dimen182
\Gm@layoutvoffset=\dimen183
\Gm@dimlist=\toks38
)
(/usr/local/texlive/2019/texmf-dist/tex/latex/hyperref/hyperref.sty
Package: hyperref 2018/11/30 v6.88e Hypertext links for LaTeX

(/usr/local/texlive/2019/texmf-dist/tex/generic/oberdiek/hobsub-hyperref.sty
Package: hobsub-hyperref 2016/05/16 v1.14 Bundle oberdiek, subset hyperref (HO)


(/usr/local/texlive/2019/texmf-dist/tex/generic/oberdiek/hobsub-generic.sty
Package: hobsub-generic 2016/05/16 v1.14 Bundle oberdiek, subset generic (HO)
Package: hobsub 2016/05/16 v1.14 Construct package bundles (HO)
Package: infwarerr 2016/05/16 v1.4 Providing info/warning/error messages (HO)
Package: ltxcmds 2016/05/16 v1.23 LaTeX kernel commands for general use (HO)
Package: ifluatex 2016/05/16 v1.4 Provides the ifluatex switch (HO)
Package ifluatex Info: LuaTeX not detected.
Package hobsub Info: Skipping package `ifvtex' (already loaded).
Package: intcalc 2016/05/16 v1.2 Expandable calculations with integers (HO)
Package hobsub Info: Skipping package `ifpdf' (already loaded).
Package: etexcmds 2016/05/16 v1.6 Avoid name clashes with e-TeX commands (HO)
Package: kvsetkeys 2016/05/16 v1.17 Key value parser (HO)
Package: kvdefinekeys 2016/05/16 v1.4 Define keys (HO)
Package: pdftexcmds 2018/09/10 v0.29 Utility functions of pdfTeX for LuaTeX (HO
)
Package pdftexcmds Info: LuaTeX not detected.
Package pdftexcmds Info: \pdf@primitive is available.
Package pdftexcmds Info: \pdf@ifprimitive is available.
Package pdftexcmds Info: \pdfdraftmode found.
Package: pdfescape 2016/05/16 v1.14 Implements pdfTeX's escape features (HO)
Package: bigintcalc 2016/05/16 v1.4 Expandable calculations on big integers (HO
)
Package: bitset 2016/05/16 v1.2 Handle bit-vector datatype (HO)
Package: uniquecounter 2016/05/16 v1.3 Provide unlimited unique counter (HO)
)
Package hobsub Info: Skipping package `hobsub' (already loaded).
Package: letltxmacro 2016/05/16 v1.5 Let assignment for LaTeX macros (HO)
Package: hopatch 2016/05/16 v1.3 Wrapper for package hooks (HO)
Package: xcolor-patch 2016/05/16 xcolor patch
Package: atveryend 2016/05/16 v1.9 Hooks at the very end of document (HO)
Package: atbegshi 2016/06/09 v1.18 At begin shipout hook (HO)
Package: refcount 2016/05/16 v3.5 Data extraction from label references (HO)
Package: hycolor 2016/05/16 v1.8 Color options for hyperref/bookmark (HO)
)
(/usr/local/texlive/2019/texmf-dist/tex/latex/oberdiek/auxhook.sty
Package: auxhook 2016/05/16 v1.4 Hooks for auxiliary files (HO)
)
(/usr/local/texlive/2019/texmf-dist/tex/latex/oberdiek/kvoptions.sty
Package: kvoptions 2016/05/16 v3.12 Key value format for package options (HO)
)
\@linkdim=\dimen184
\Hy@linkcounter=\count133
\Hy@pagecounter=\count134

(/usr/local/texlive/2019/texmf-dist/tex/latex/hyperref/pd1enc.def
File: pd1enc.def 2018/11/30 v6.88e Hyperref: PDFDocEncoding definition (HO)
Now handling font encoding PD1 ...
... no UTF-8 mapping file for font encoding PD1
)
\Hy@SavedSpaceFactor=\count135

(/usr/local/texlive/2019/texmf-dist/tex/latex/latexconfig/hyperref.cfg
File: hyperref.cfg 2002/06/06 v1.2 hyperref configuration of TeXLive
)
Package hyperref Info: Hyper figures OFF on input line 4519.
Package hyperref Info: Link nesting OFF on input line 4524.
Package hyperref Info: Hyper index ON on input line 4527.
Package hyperref Info: Plain pages OFF on input line 4534.
Package hyperref Info: Backreferencing OFF on input line 4539.
Package hyperref Info: Implicit mode ON; LaTeX internals redefined.
Package hyperref Info: Bookmarks ON on input line 4772.
\c@Hy@tempcnt=\count136

(/usr/local/texlive/2019/texmf-dist/tex/latex/url/url.sty
\Urlmuskip=\muskip11
Package: url 2013/09/16  ver 3.4  Verb mode for urls, etc.
)
LaTeX Info: Redefining \url on input line 5125.
\XeTeXLinkMargin=\dimen185
\Fld@menulength=\count137
\Field@Width=\dimen186
\Fld@charsize=\dimen187
Package hyperref Info: Hyper figures OFF on input line 6380.
Package hyperref Info: Link nesting OFF on input line 6385.
Package hyperref Info: Hyper index ON on input line 6388.
Package hyperref Info: backreferencing OFF on input line 6395.
Package hyperref Info: Link coloring OFF on input line 6400.
Package hyperref Info: Link coloring with OCG OFF on input line 6405.
Package hyperref Info: PDF/A mode OFF on input line 6410.
LaTeX Info: Redefining \ref on input line 6450.
LaTeX Info: Redefining \pageref on input line 6454.
\Hy@abspage=\count138
\c@Item=\count139
\c@Hfootnote=\count140
)
Package hyperref Info: Driver (autodetected): hpdftex.

(/usr/local/texlive/2019/texmf-dist/tex/latex/hyperref/hpdftex.def
File: hpdftex.def 2018/11/30 v6.88e Hyperref driver for pdfTeX
\Fld@listcount=\count141
\c@bookmark@seq@number=\count142

(/usr/local/texlive/2019/texmf-dist/tex/latex/oberdiek/rerunfilecheck.sty
Package: rerunfilecheck 2016/05/16 v1.8 Rerun checks for auxiliary files (HO)
Package uniquecounter Info: New unique counter `rerunfilecheck' on input line 2
82.
)
\Hy@SectionHShift=\skip52
)
Package hyperref Info: Option `colorlinks' set `true' on input line 38.
)
(./informe.aux
LaTeX Info: Redefining \. on input line 23.
LaTeX Info: Redefining \% on input line 23.
)
\openout1 = `informe.aux'.

LaTeX Font Info:    Checking defaults for OML/cmm/m/it on input line 5.
LaTeX Font Info:    ... okay on input line 5.
LaTeX Font Info:    Checking defaults for T1/cmr/m/n on input line 5.
LaTeX Font Info:    ... okay on input line 5.
LaTeX Font Info:    Checking defaults for OT1/cmr/m/n on input line 5.
LaTeX Font Info:    ... okay on input line 5.
LaTeX Font Info:    Checking defaults for OMS/cmsy/m/n on input line 5.
LaTeX Font Info:    ... okay on input line 5.
LaTeX Font Info:    Checking defaults for OMX/cmex/m/n on input line 5.
LaTeX Font Info:    ... okay on input line 5.
LaTeX Font Info:    Checking defaults for U/cmr/m/n on input line 5.
LaTeX Font Info:    ... okay on input line 5.
LaTeX Font Info:    Checking defaults for PD1/pdf/m/n on input line 5.
LaTeX Font Info:    ... okay on input line 5.
LaTeX Info: Redefining \. on input line 5.
LaTeX Info: Redefining \% on input line 5.

(/usr/local/texlive/2019/texmf-dist/tex/context/base/mkii/supp-pdf.mkii
[Loading MPS to PDF converter (version 2006.09.02).]
\scratchcounter=\count143
\scratchdimen=\dimen188
\scratchbox=\box43
\nofMPsegments=\count144
\nofMParguments=\count145
\everyMPshowfont=\toks39
\MPscratchCnt=\count146
\MPscratchDim=\dimen189
\MPnumerator=\count147
\makeMPintoPDFobject=\count148
\everyMPtoPDFconversion=\toks40
) (/usr/local/texlive/2019/texmf-dist/tex/latex/oberdiek/epstopdf-base.sty
Package: epstopdf-base 2016/05/15 v2.6 Base part for package epstopdf

(/usr/local/texlive/2019/texmf-dist/tex/latex/oberdiek/grfext.sty
Package: grfext 2016/05/16 v1.2 Manage graphics extensions (HO)
)
Package epstopdf-base Info: Redefining graphics rule for `.eps' on input line 4
38.
Package grfext Info: Graphics extension search list:
(grfext)             [.pdf,.png,.jpg,.mps,.jpeg,.jbig2,.jb2,.PDF,.PNG,.JPG,.JPE
G,.JBIG2,.JB2,.eps]
(grfext)             \AppendGraphicsExtensions on input line 456.

(/usr/local/texlive/2019/texmf-dist/tex/latex/latexconfig/epstopdf-sys.cfg
File: epstopdf-sys.cfg 2010/07/13 v1.3 Configuration of (r)epstopdf for TeX Liv
e
))
ABD: EveryShipout initializing macros
*geometry* driver: auto-detecting
*geometry* detected driver: pdftex
*geometry* verbose mode - [ preamble ] result:
* driver: pdftex
* paper: a4paper
* layout: <same size as paper>
* layoutoffset:(h,v)=(0.0pt,0.0pt)
* modes: includehead 
* h-part:(L,W,R)=(71.13188pt, 455.24411pt, 71.13188pt)
* v-part:(T,H,B)=(71.13188pt, 702.78308pt, 71.13188pt)
* \paperwidth=597.50787pt
* \paperheight=845.04684pt
* \textwidth=455.24411pt
* \textheight=672.05412pt
* \oddsidemargin=-1.1381pt
* \evensidemargin=-1.1381pt
* \topmargin=-1.1381pt
* \headheight=13.65732pt
* \headsep=17.07164pt
* \topskip=10.0pt
* \footskip=19.91692pt
* \marginparwidth=57.0pt
* \marginparsep=11.0pt
* \columnsep=10.0pt
* \skip\footins=9.0pt plus 4.0pt minus 2.0pt
* \hoffset=0.0pt
* \voffset=0.0pt
* \mag=1000
* \@twocolumnfalse
* \@twosidefalse
* \@mparswitchfalse
* \@reversemarginfalse
* (1in=72.27pt=25.4mm, 1cm=28.453pt)

\AtBeginShipoutBox=\box44
Package hyperref Info: Link coloring ON on input line 5.
(/usr/local/texlive/2019/texmf-dist/tex/latex/hyperref/nameref.sty
Package: nameref 2016/05/21 v2.44 Cross-referencing by name of section

(/usr/local/texlive/2019/texmf-dist/tex/generic/oberdiek/gettitlestring.sty
Package: gettitlestring 2016/05/16 v1.5 Cleanup title references (HO)
)
\c@section@level=\count149
)
LaTeX Info: Redefining \ref on input line 5.
LaTeX Info: Redefining \pageref on input line 5.
LaTeX Info: Redefining \nameref on input line 5.

(./informe.out) (./informe.out)
\@outlinefile=\write5
\openout5 = `informe.out'.

LaTeX Font Info:    Try loading font information for U+msa on input line 20.

(/usr/local/texlive/2019/texmf-dist/tex/latex/amsfonts/umsa.fd
File: umsa.fd 2013/01/14 v3.01 AMS symbols A
)
LaTeX Font Info:    Try loading font information for U+msb on input line 20.

(/usr/local/texlive/2019/texmf-dist/tex/latex/amsfonts/umsb.fd
File: umsb.fd 2013/01/14 v3.01 AMS symbols B
) [1

{/usr/local/texlive/2019/texmf-var/fonts/map/pdftex/updmap/pdftex.map}] (./info
rme.toc
LaTeX Info: Redefining \. on input line 1.
LaTeX Info: Redefining \% on input line 1.
)
\tf@toc=\write6
\openout6 = `informe.toc'.


[2] (./ej1.tex
<../Mediciones/Ejercicio_1/generador_agilent.jpeg, id=147, 1284.8pt x 921.4425p
t>
File: ../Mediciones/Ejercicio_1/generador_agilent.jpeg Graphic file (type jpg)
<use ../Mediciones/Ejercicio_1/generador_agilent.jpeg>
Package pdftex.def Info: ../Mediciones/Ejercicio_1/generador_agilent.jpeg  used
 on input line 27.
(pdftex.def)             Requested size: 256.95544pt x 184.28523pt.
<../Mediciones/Ejercicio_1/generador_gwinstek.jpeg, id=148, 1284.8pt x 916.4237
5pt>
File: ../Mediciones/Ejercicio_1/generador_gwinstek.jpeg Graphic file (type jpg)

<use ../Mediciones/Ejercicio_1/generador_gwinstek.jpeg>
Package pdftex.def Info: ../Mediciones/Ejercicio_1/generador_gwinstek.jpeg  use
d on input line 34.
(pdftex.def)             Requested size: 256.95544pt x 183.2815pt.
<../Mediciones/Ejercicio_1/generador_picotest.jpeg, id=149, 398.23781pt x 306.3
9468pt>
File: ../Mediciones/Ejercicio_1/generador_picotest.jpeg Graphic file (type jpg)

<use ../Mediciones/Ejercicio_1/generador_picotest.jpeg>
Package pdftex.def Info: ../Mediciones/Ejercicio_1/generador_picotest.jpeg  use
d on input line 41.
(pdftex.def)             Requested size: 258.8515pt x 199.15417pt.
 [3 <../Mediciones/Ejercicio_1/generador_agilent.jpeg> <../Mediciones/Ejercicio
_1/generador_gwinstek.jpeg>]) (./ej2.tex [4 <../Mediciones/Ejercicio_1/generado
r_picotest.jpeg>] [5]
<Recursos/cuadrada_50_ejercicio_3.png, id=187, 987.2082pt x 484.9317pt>
File: Recursos/cuadrada_50_ejercicio_3.png Graphic file (type png)
<use Recursos/cuadrada_50_ejercicio_3.png>
Package pdftex.def Info: Recursos/cuadrada_50_ejercicio_3.png  used on input li
ne 122.
(pdftex.def)             Requested size: 454.12129pt x 223.07129pt.
 [6]
<Recursos/cuadrada_33_ejercicio_3.png, id=199, 987.2082pt x 484.9317pt>
File: Recursos/cuadrada_33_ejercicio_3.png Graphic file (type png)
<use Recursos/cuadrada_33_ejercicio_3.png>
Package pdftex.def Info: Recursos/cuadrada_33_ejercicio_3.png  used on input li
ne 128.
(pdftex.def)             Requested size: 454.12129pt x 223.07129pt.
<Recursos/triangular_50_ejercicio_3.png, id=200, 987.2082pt x 484.9317pt>
File: Recursos/triangular_50_ejercicio_3.png Graphic file (type png)
<use Recursos/triangular_50_ejercicio_3.png>
Package pdftex.def Info: Recursos/triangular_50_ejercicio_3.png  used on input 
line 134.
(pdftex.def)             Requested size: 454.12129pt x 223.07129pt.
 [7 <./Recursos/cuadrada_50_ejercicio_3.png> <./Recursos/cuadrada_33_ejercicio_
3.png>]
<../Mediciones/Ejercicio_2/ej2_cuadrada_50.jpeg, id=210, 1284.8pt x 956.57375pt
>
File: ../Mediciones/Ejercicio_2/ej2_cuadrada_50.jpeg Graphic file (type jpg)
<use ../Mediciones/Ejercicio_2/ej2_cuadrada_50.jpeg>
Package pdftex.def Info: ../Mediciones/Ejercicio_2/ej2_cuadrada_50.jpeg  used o
n input line 143.
(pdftex.def)             Requested size: 244.11453pt x 181.7509pt.
<../Mediciones/Ejercicio_2/ej2_cuadrada_50_zoom.jpeg, id=211, 1284.8pt x 1050.9
2625pt>
File: ../Mediciones/Ejercicio_2/ej2_cuadrada_50_zoom.jpeg Graphic file (type jp
g)
<use ../Mediciones/Ejercicio_2/ej2_cuadrada_50_zoom.jpeg>
Package pdftex.def Info: ../Mediciones/Ejercicio_2/ej2_cuadrada_50_zoom.jpeg  u
sed on input line 144.
(pdftex.def)             Requested size: 224.84337pt x 183.91484pt.

Overfull \hbox (37.71379pt too wide) in paragraph at lines 142--146
 [][] 
 []

<../Mediciones/Ejercicio_2/ej2_triangular_50.jpeg, id=212, 1284.8pt x 978.65625
pt>
File: ../Mediciones/Ejercicio_2/ej2_triangular_50.jpeg Graphic file (type jpg)
<use ../Mediciones/Ejercicio_2/ej2_triangular_50.jpeg>
Package pdftex.def Info: ../Mediciones/Ejercicio_2/ej2_triangular_50.jpeg  used
 on input line 153.
(pdftex.def)             Requested size: 231.25401pt x 176.15053pt.
<../Mediciones/Ejercicio_2/ej2_triangular_50_zoom.jpeg, id=213, 1284.8pt x 984.
67876pt>
File: ../Mediciones/Ejercicio_2/ej2_triangular_50_zoom.jpeg Graphic file (type 
jpg)
<use ../Mediciones/Ejercicio_2/ej2_triangular_50_zoom.jpeg>
Package pdftex.def Info: ../Mediciones/Ejercicio_2/ej2_triangular_50_zoom.jpeg 
 used on input line 154.
(pdftex.def)             Requested size: 231.25401pt x 177.23453pt.

Overfull \hbox (31.26392pt too wide) in paragraph at lines 152--156
 [][] 
 []

[8 <./Recursos/triangular_50_ejercicio_3.png> <../Mediciones/Ejercicio_2/ej2_cu
adrada_50.jpeg> <../Mediciones/Ejercicio_2/ej2_cuadrada_50_zoom.jpeg>]
<../Mediciones/Ejercicio_2/ej2_cuadrada_33.jpeg, id=221, 1284.8pt x 1040.88875p
t>
File: ../Mediciones/Ejercicio_2/ej2_cuadrada_33.jpeg Graphic file (type jpg)
<use ../Mediciones/Ejercicio_2/ej2_cuadrada_33.jpeg>
Package pdftex.def Info: ../Mediciones/Ejercicio_2/ej2_cuadrada_33.jpeg  used o
n input line 163.
(pdftex.def)             Requested size: 205.5722pt x 166.5456pt.
<../Mediciones/Ejercicio_2/ej2_cuadrada_33_zoom.jpeg, id=222, 469.00218pt x 343
.2825pt>
File: ../Mediciones/Ejercicio_2/ej2_cuadrada_33_zoom.jpeg Graphic file (type jp
g)
<use ../Mediciones/Ejercicio_2/ej2_cuadrada_33_zoom.jpeg>
Package pdftex.def Info: ../Mediciones/Ejercicio_2/ej2_cuadrada_33_zoom.jpeg  u
sed on input line 164.
(pdftex.def)             Requested size: 234.50052pt x 171.64082pt.

Overfull \hbox (8.82861pt too wide) in paragraph at lines 162--166
 [][] 
 []

) (./ej3.tex [9 <../Mediciones/Ejercicio_2/ej2_triangular_50.jpeg> <../Medicion
es/Ejercicio_2/ej2_triangular_50_zoom.jpeg> <../Mediciones/Ejercicio_2/ej2_cuad
rada_33.jpeg> <../Mediciones/Ejercicio_2/ej2_cuadrada_33_zoom.jpeg>]
<Recursos/Ej3_senoidal_m05.jpeg, id=230, 1284.8pt x 998.73125pt>
File: Recursos/Ej3_senoidal_m05.jpeg Graphic file (type jpg)
<use Recursos/Ej3_senoidal_m05.jpeg>
Package pdftex.def Info: Recursos/Ej3_senoidal_m05.jpeg  used on input line 10.

(pdftex.def)             Requested size: 385.44298pt x 299.62169pt.
<Recursos/Ej3_senoidal_m05_teorico.png, id=231, 669.50125pt x 417.56pt>
File: Recursos/Ej3_senoidal_m05_teorico.png Graphic file (type png)
<use Recursos/Ej3_senoidal_m05_teorico.png>
Package pdftex.def Info: Recursos/Ej3_senoidal_m05_teorico.png  used on input l
ine 16.
(pdftex.def)             Requested size: 334.7498pt x 208.77948pt.
 [10 <./Recursos/Ej3_senoidal_m05.jpeg>]
<Recursos/Ej3_senoidal_m1.jpeg, id=238, 1284.8pt x 923.45pt>
File: Recursos/Ej3_senoidal_m1.jpeg Graphic file (type jpg)
<use Recursos/Ej3_senoidal_m1.jpeg>
Package pdftex.def Info: Recursos/Ej3_senoidal_m1.jpeg  used on input line 22.
(pdftex.def)             Requested size: 385.44298pt x 277.03712pt.
<Recursos/Ej3_senoidal_m1_teorico.png, id=239, 643.40375pt x 424.58624pt>
File: Recursos/Ej3_senoidal_m1_teorico.png Graphic file (type png)
<use Recursos/Ej3_senoidal_m1_teorico.png>
Package pdftex.def Info: Recursos/Ej3_senoidal_m1_teorico.png  used on input li
ne 28.
(pdftex.def)             Requested size: 321.70108pt x 212.2926pt.
 [11 <./Recursos/Ej3_senoidal_m05_teorico.png> <./Recursos/Ej3_senoidal_m1.jpeg
>]
<Recursos/Ej3_triangular_m1.jpeg, id=247, 1284.8pt x 966.61125pt>
File: Recursos/Ej3_triangular_m1.jpeg Graphic file (type jpg)
<use Recursos/Ej3_triangular_m1.jpeg>
Package pdftex.def Info: Recursos/Ej3_triangular_m1.jpeg  used on input line 34
.
(pdftex.def)             Requested size: 385.44298pt x 289.98561pt.
<Recursos/Ej3_senoidal_800K.jpeg, id=248, 1284.8pt x 979.66pt>
File: Recursos/Ej3_senoidal_800K.jpeg Graphic file (type jpg)
<use Recursos/Ej3_senoidal_800K.jpeg>
Package pdftex.def Info: Recursos/Ej3_senoidal_800K.jpeg  used on input line 40
.
(pdftex.def)             Requested size: 385.44298pt x 293.90027pt.
 [12 <./Recursos/Ej3_senoidal_m1_teorico.png> <./Recursos/Ej3_triangular_m1.jpe
g>]
<Recursos/Ej3_senoidal_igualf_teorico.png, id=256, 533.995pt x 389.455pt>
File: Recursos/Ej3_senoidal_igualf_teorico.png Graphic file (type png)
<use Recursos/Ej3_senoidal_igualf_teorico.png>
Package pdftex.def Info: Recursos/Ej3_senoidal_igualf_teorico.png  used on inpu
t line 46.
(pdftex.def)             Requested size: 266.99684pt x 194.72702pt.

Underfull \hbox (badness 10000) in paragraph at lines 52--53

 []

[13 <./Recursos/Ej3_senoidal_800K.jpeg> <./Recursos/Ej3_senoidal_igualf_teorico
.png>]) (./ej4.tex
<Recursos/Ej4_senoidal.jpeg, id=265, 1284.8pt x 959.585pt>
File: Recursos/Ej4_senoidal.jpeg Graphic file (type jpg)
<use Recursos/Ej4_senoidal.jpeg>
Package pdftex.def Info: Recursos/Ej4_senoidal.jpeg  used on input line 11.
(pdftex.def)             Requested size: 385.44298pt x 287.87772pt.
<Recursos/Ej4_senoidal_800K.jpeg, id=266, 1284.8pt x 944.52875pt>
File: Recursos/Ej4_senoidal_800K.jpeg Graphic file (type jpg)
<use Recursos/Ej4_senoidal_800K.jpeg>
Package pdftex.def Info: Recursos/Ej4_senoidal_800K.jpeg  used on input line 17
.
(pdftex.def)             Requested size: 385.44298pt x 283.36081pt.
 [14 <./Recursos/Ej4_senoidal.jpeg>]
<Recursos/Ej4_triangular_m1.jpeg, id=272, 1284.8pt x 966.61125pt>
File: Recursos/Ej4_triangular_m1.jpeg Graphic file (type jpg)
<use Recursos/Ej4_triangular_m1.jpeg>
Package pdftex.def Info: Recursos/Ej4_triangular_m1.jpeg  used on input line 23
.
(pdftex.def)             Requested size: 385.44298pt x 289.98561pt.


Package hyperref Warning: Suppressing empty link on input line 30.

[15 <./Recursos/Ej4_senoidal_800K.jpeg> <./Recursos/Ej4_triangular_m1.jpeg>])
(./ej5.tex
Overfull \hbox (69.87294pt too wide) in paragraph at lines 7--14
 [][] 
 []

) (./ej6.tex
<Recursos/potencias.png, id=279, 1495.5875pt x 414.54875pt>
File: Recursos/potencias.png Graphic file (type png)
<use Recursos/potencias.png>
Package pdftex.def Info: Recursos/potencias.png  used on input line 9.
(pdftex.def)             Requested size: 448.67972pt x 124.36557pt.
<Recursos/los40.jpeg, id=280, 1284.8pt x 992.70876pt>
File: Recursos/los40.jpeg Graphic file (type jpg)
<use Recursos/los40.jpeg>
Package pdftex.def Info: Recursos/los40.jpeg  used on input line 20.
(pdftex.def)             Requested size: 385.44298pt x 297.81493pt.
 [16 <./Recursos/potencias.png>]) (./ej7.tex
Underfull \hbox (badness 10000) in paragraph at lines 3--4

 []

<Recursos/Canal9.jpeg, id=287, 1284.8pt x 945.5325pt>
File: Recursos/Canal9.jpeg Graphic file (type jpg)
<use Recursos/Canal9.jpeg>
Package pdftex.def Info: Recursos/Canal9.jpeg  used on input line 11.
(pdftex.def)             Requested size: 385.44298pt x 283.66194pt.
[17 <./Recursos/los40.jpeg>]) (./ej8.tex
<Recursos/sinc.png, id=295, 987.2082pt x 484.9317pt>
File: Recursos/sinc.png Graphic file (type png)
<use Recursos/sinc.png>
Package pdftex.def Info: Recursos/sinc.png  used on input line 26.
(pdftex.def)             Requested size: 444.2396pt x 218.21724pt.
 [18 <./Recursos/Canal9.jpeg>]
<Recursos/tren_delta_dirac.png, id=307, 987.2082pt x 484.9317pt>
File: Recursos/tren_delta_dirac.png Graphic file (type png)
<use Recursos/tren_delta_dirac.png>
Package pdftex.def Info: Recursos/tren_delta_dirac.png  used on input line 45.
(pdftex.def)             Requested size: 444.2396pt x 218.21724pt.
<../Mediciones/Ejercicio_8/ej8_espectro_sinc.jpeg, id=308, 1284.8pt x 1043.9pt>

File: ../Mediciones/Ejercicio_8/ej8_espectro_sinc.jpeg Graphic file (type jpg)
<use ../Mediciones/Ejercicio_8/ej8_espectro_sinc.jpeg>
Package pdftex.def Info: ../Mediciones/Ejercicio_8/ej8_espectro_sinc.jpeg  used
 on input line 57.
(pdftex.def)             Requested size: 256.95544pt x 208.77629pt.
 [19 <./Recursos/sinc.png> <./Recursos/tren_delta_dirac.png>]
<../Mediciones/Ejercicio_8/ej8_espectro_deltas.jpeg, id=321, 1284.8pt x 1002.74
625pt>
File: ../Mediciones/Ejercicio_8/ej8_espectro_deltas.jpeg Graphic file (type jpg
)
<use ../Mediciones/Ejercicio_8/ej8_espectro_deltas.jpeg>
Package pdftex.def Info: ../Mediciones/Ejercicio_8/ej8_espectro_deltas.jpeg  us
ed on input line 65.
(pdftex.def)             Requested size: 237.68428pt x 185.50514pt.
<../Mediciones/Ejercicio_8/ej8_espectro_deltas_zoom.jpeg, id=322, 1284.8pt x 10
32.85875pt>
File: ../Mediciones/Ejercicio_8/ej8_espectro_deltas_zoom.jpeg Graphic file (typ
e jpg)
<use ../Mediciones/Ejercicio_8/ej8_espectro_deltas_zoom.jpeg>
Package pdftex.def Info: ../Mediciones/Ejercicio_8/ej8_espectro_deltas_zoom.jpe
g  used on input line 66.
(pdftex.def)             Requested size: 231.25401pt x 185.90656pt.

Overfull \hbox (37.69418pt too wide) in paragraph at lines 64--68
 [][] 
 []

) [20 <../Mediciones/Ejercicio_8/ej8_espectro_sinc.jpeg> <../Mediciones/Ejercic
io_8/ej8_espectro_deltas.jpeg> <../Mediciones/Ejercicio_8/ej8_espectro_deltas_z
oom.jpeg>]
Package atveryend Info: Empty hook `BeforeClearDocument' on input line 36.
Package atveryend Info: Empty hook `AfterLastShipout' on input line 36.
 (./informe.aux
LaTeX Info: Redefining \. on input line 23.
LaTeX Info: Redefining \% on input line 23.
)
Package atveryend Info: Executing hook `AtVeryEndDocument' on input line 36.
Package atveryend Info: Executing hook `AtEndAfterFileList' on input line 36.
Package rerunfilecheck Info: File `informe.out' has not changed.
(rerunfilecheck)             Checksum: AAAB3B711AE928F531CD3A3D9D8031FD;1728.
 ) 
Here is how much of TeX's memory you used:
 25683 strings out of 492616
 557921 string characters out of 6129481
 730468 words of memory out of 5000000
 29067 multiletter control sequences out of 15000+600000
 15216 words of font info for 59 fonts, out of 8000000 for 9000
 1141 hyphenation exceptions out of 8191
 64i,13n,50p,1534b,424s stack positions out of 5000i,500n,10000p,200000b,80000s
</usr/local/texlive/2019/texmf-dist/fonts/type1/public/amsfonts/cm/cmbx10.pfb
></usr/local/texlive/2019/texmf-dist/fonts/type1/public/amsfonts/cm/cmbx12.pfb>
</usr/local/texlive/2019/texmf-dist/fonts/type1/public/amsfonts/cm/cmcsc10.pfb>
</usr/local/texlive/2019/texmf-dist/fonts/type1/public/amsfonts/cm/cmex10.pfb><
/usr/local/texlive/2019/texmf-dist/fonts/type1/public/amsfonts/cm/cmmi10.pfb></
usr/local/texlive/2019/texmf-dist/fonts/type1/public/amsfonts/cm/cmmi5.pfb></us
r/local/texlive/2019/texmf-dist/fonts/type1/public/amsfonts/cm/cmmi7.pfb></usr/
local/texlive/2019/texmf-dist/fonts/type1/public/amsfonts/cm/cmr10.pfb></usr/lo
cal/texlive/2019/texmf-dist/fonts/type1/public/amsfonts/cm/cmr12.pfb></usr/loca
l/texlive/2019/texmf-dist/fonts/type1/public/amsfonts/cm/cmr17.pfb></usr/local/
texlive/2019/texmf-dist/fonts/type1/public/amsfonts/cm/cmr5.pfb></usr/local/tex
live/2019/texmf-dist/fonts/type1/public/amsfonts/cm/cmr7.pfb></usr/local/texliv
e/2019/texmf-dist/fonts/type1/public/amsfonts/cm/cmsy10.pfb></usr/local/texlive
/2019/texmf-dist/fonts/type1/public/amsfonts/cm/cmsy7.pfb></usr/local/texlive/2
019/texmf-dist/fonts/type1/public/amsfonts/symbols/msam10.pfb>
Output written on informe.pdf (20 pages, 2849536 bytes).
PDF statistics:
 401 PDF objects out of 1000 (max. 8388607)
 321 compressed objects within 4 object streams
 95 named destinations out of 1000 (max. 500000)
 355 words of extra memory for PDF output out of 10000 (max. 10000000)

