\BOOKMARK [1][-]{section*.2}{1. Medici\363n de distorsi\363n arm\363nica}{}% 1
\BOOKMARK [2][-]{section*.3}{Mediciones}{section*.2}% 2
\BOOKMARK [2][-]{section*.4}{An\341lisis de resultados}{section*.2}% 3
\BOOKMARK [2][-]{section*.5}{Conclusiones}{section*.2}% 4
\BOOKMARK [1][-]{section*.6}{2. Medici\363n de una se\361al cuadrada}{}% 5
\BOOKMARK [2][-]{section*.7}{An\341lisis te\363rico}{section*.6}% 6
\BOOKMARK [3][-]{section*.8}{Diagrama espectral de se\361ales}{section*.7}% 7
\BOOKMARK [3][-]{section*.11}{Simulaci\363n del espectro de se\361ales}{section*.7}% 8
\BOOKMARK [2][-]{section*.12}{Mediciones}{section*.6}% 9
\BOOKMARK [2][-]{section*.13}{An\341lisis de los resultados}{section*.6}% 10
\BOOKMARK [1][-]{section*.14}{3. Modulaci\363n de se\361al con AM}{}% 11
\BOOKMARK [2][-]{section*.15}{Mediciones}{section*.14}% 12
\BOOKMARK [2][-]{section*.16}{An\341lisis de los resultados}{section*.14}% 13
\BOOKMARK [1][-]{section*.17}{4. Modulaci\363n de se\361al con FM}{}% 14
\BOOKMARK [2][-]{section*.18}{Mediciones}{section*.17}% 15
\BOOKMARK [2][-]{section*.19}{An\341lisis de los resultados}{section*.17}% 16
\BOOKMARK [1][-]{section*.20}{5. Espectro de radiofrecuencias de Argentina}{}% 17
\BOOKMARK [1][-]{section*.21}{6. Espectro electromagn\351tico de FM}{}% 18
\BOOKMARK [1][-]{section*.22}{7. Se\361al de televisi\363n en Argentina}{}% 19
\BOOKMARK [1][-]{section*.23}{8. Medici\363n de se\361ales sinc y tren de pulsos}{}% 20
\BOOKMARK [2][-]{section*.24}{An\341lisis te\363rico}{section*.23}% 21
\BOOKMARK [3][-]{section*.25}{Diagramas espectrales}{section*.24}% 22
\BOOKMARK [2][-]{section*.28}{Mediciones}{section*.23}% 23
\BOOKMARK [2][-]{section*.29}{An\341lisis de los resultados}{section*.23}% 24
