\BOOKMARK [1][-]{section.1}{Caracterizaci\363n de componentes pasivos}{}% 1
\BOOKMARK [2][-]{subsection.1.1}{Medici\363n del capacitor}{section.1}% 2
\BOOKMARK [3][-]{subsubsection.1.1.1}{Resultados}{subsection.1.1}% 3
\BOOKMARK [3][-]{subsubsection.1.1.2}{Modelizaci\363n del comportamiento observado}{subsection.1.1}% 4
\BOOKMARK [2][-]{subsection.1.2}{Medici\363n del inductor}{section.1}% 5
\BOOKMARK [3][-]{subsubsection.1.2.1}{Resultados}{subsection.1.2}% 6
\BOOKMARK [3][-]{subsubsection.1.2.2}{Modelizaci\363n del comportamiento observado}{subsection.1.2}% 7
\BOOKMARK [2][-]{subsection.1.3}{Conclusiones}{section.1}% 8
\BOOKMARK [1][-]{section.2}{Circuito Pasabajos}{}% 9
\BOOKMARK [2][-]{subsection.2.1}{An\341lisis te\363rico}{section.2}% 10
\BOOKMARK [3][-]{subsubsection.2.1.1}{Funci\363n transferencia}{subsection.2.1}% 11
\BOOKMARK [3][-]{subsubsection.2.1.2}{Valores caracter\355sticos de transitorio}{subsection.2.1}% 12
\BOOKMARK [3][-]{subsubsection.2.1.3}{An\341lisis de casos}{subsection.2.1}% 13
\BOOKMARK [2][-]{subsection.2.2}{Resultados}{section.2}% 14
\BOOKMARK [3][-]{subsubsection.2.2.1}{Mediciones del transitorio}{subsection.2.2}% 15
\BOOKMARK [3][-]{subsubsection.2.2.2}{Medici\363n de respuesta en frecuencia}{subsection.2.2}% 16
\BOOKMARK [1][-]{section.3}{Circuitos pasaaltos, pasabanda y rechazabanda}{}% 17
\BOOKMARK [2][-]{subsection.3.1}{Circuito Pasabanda}{section.3}% 18
\BOOKMARK [3][-]{subsubsection.3.1.1}{An\341lisis te\363rico}{subsection.3.1}% 19
\BOOKMARK [3][-]{subsubsection.3.1.2}{Resultados}{subsection.3.1}% 20
\BOOKMARK [2][-]{subsection.3.2}{Circuito Pasaaltos}{section.3}% 21
\BOOKMARK [3][-]{subsubsection.3.2.1}{An\341lisis te\363rico}{subsection.3.2}% 22
\BOOKMARK [3][-]{subsubsection.3.2.2}{Resultados}{subsection.3.2}% 23
\BOOKMARK [2][-]{subsection.3.3}{Circuito Rechazabanda}{section.3}% 24
\BOOKMARK [3][-]{subsubsection.3.3.1}{An\341lisis te\363rico}{subsection.3.3}% 25
\BOOKMARK [3][-]{subsubsection.3.3.2}{Resultados}{subsection.3.3}% 26
\BOOKMARK [1][-]{section.4}{Medici\363n de factor de calidad}{}% 27
\BOOKMARK [2][-]{subsection.4.1}{Filtro Pasabajos}{section.4}% 28
\BOOKMARK [2][-]{subsection.4.2}{Filtro Pasaaltos}{section.4}% 29
\BOOKMARK [2][-]{subsection.4.3}{Filtro Pasabanda}{section.4}% 30
\BOOKMARK [2][-]{subsection.4.4}{Filtro Rechazabanda}{section.4}% 31
